[2026-03-04 18:14:19,373][flwr][WARNING] - DEPRECATED FEATURE: flwr.simulation.start_simulation() is deprecated.
	Instead, use the `flwr run` CLI command to start a local simulation in your Flower app, as shown for example below:

		$ flwr new  # Create a new Flower app from a template

		$ flwr run  # Run the Flower app in Simulation Mode

	Using `start_simulation()` is deprecated.

            This is a deprecated feature. It will be removed
            entirely in future versions of Flower.
        
[2026-03-04 18:14:19,373][flwr][WARNING] - Both server and strategy were provided, ignoring strategy
[2026-03-04 18:14:19,374][flwr][INFO] - Starting Flower simulation, config: num_rounds=1, no round_timeout
[2026-03-04 18:14:30,109][flwr][INFO] - Flower VCE: Ray initialized with resources: {'object_store_memory': 53957464473.0, 'node:129.16.125.131': 1.0, 'memory': 125900750439.0, 'node:__internal_head__': 1.0, 'CPU': 64.0}
[2026-03-04 18:14:30,109][flwr][INFO] - Optimize your simulation with Flower VCE: https://flower.ai/docs/framework/how-to-run-simulations.html
[2026-03-04 18:14:30,109][flwr][INFO] - Flower VCE: Resources for each Virtual Client: {'num_cpus': 4, 'num_gpus': 0.0}
[2026-03-04 18:14:30,255][flwr][INFO] - Flower VCE: Creating VirtualClientEngineActorPool with 16 actors
[2026-03-04 18:14:30,255][flwr][INFO] - [INIT]
[2026-03-04 18:14:30,255][flwr][INFO] - Requesting initial parameters from one random client
[2026-03-04 18:14:35,801][flwr][INFO] - Received initial parameters from one random client
[2026-03-04 18:14:35,801][flwr][INFO] - Starting evaluation of initial global parameters
[2026-03-04 18:14:38,737][flwr][INFO] - initial parameters (loss, other metrics): 2.3041326171875, {'accuracy': 0.1}
[2026-03-04 18:14:38,737][flwr][INFO] - 
[2026-03-04 18:14:38,737][flwr][INFO] - [ROUND 1]
[2026-03-04 18:14:38,738][flwr][INFO] - configure_fit: strategy sampled 10 clients (out of 10)
[2026-03-04 18:17:28,464][flwr][INFO] - aggregate_fit: received 10 results and 0 failures
[2026-03-04 18:17:28,472][flwr][WARNING] - No fit_metrics_aggregation_fn provided
[2026-03-04 18:17:31,419][flwr][INFO] - fit progress: (1, 2.2794576171875, {'accuracy': 0.1733}, 172.6818906571716)
[2026-03-04 18:17:31,420][flwr][INFO] - configure_evaluate: no clients selected, skipping evaluation
[2026-03-04 18:17:31,420][flwr][INFO] - 
[2026-03-04 18:17:31,420][flwr][INFO] - [SUMMARY]
[2026-03-04 18:17:31,420][flwr][INFO] - Run finished 1 round(s) in 172.68s
[2026-03-04 18:17:31,421][flwr][INFO] - 	History (loss, centralized):
[2026-03-04 18:17:31,421][flwr][INFO] - 		round 0: 2.3041326171875
[2026-03-04 18:17:31,422][flwr][INFO] - 		round 1: 2.2794576171875
[2026-03-04 18:17:31,422][flwr][INFO] - 	History (metrics, centralized):
[2026-03-04 18:17:31,422][flwr][INFO] - 	{'accuracy': [(0, 0.1), (1, 0.1733)]}
[2026-03-04 18:17:31,422][flwr][INFO] - 
